<?xml version="1.0" encoding="UTF-8"?>
<coverage generated="1709491975641" clover="3.2.0">
  <project timestamp="1709491975641" name="All files">
    <metrics statements="15" coveredstatements="15" conditionals="6" coveredconditionals="6" methods="5" coveredmethods="5" elements="26" coveredelements="26" complexity="0" loc="15" ncloc="15" packages="1" files="1" classes="1"/>
    <file name="csvClient.ts" path="/Users/heathenking/dev/samples/salve/salve-chall/packages/sql4csv/src/csvClient.ts">
      <metrics statements="15" coveredstatements="15" conditionals="6" coveredconditionals="6" methods="5" coveredmethods="5"/>
      <line num="1" count="1" type="stmt"/>
      <line num="2" count="1" type="stmt"/>
      <line num="13" count="5" type="stmt"/>
      <line num="17" count="5" type="cond" truecount="1" falsecount="0"/>
      <line num="18" count="2" type="cond" truecount="1" falsecount="0"/>
      <line num="19" count="1" type="stmt"/>
      <line num="27" count="5" type="stmt"/>
      <line num="33" count="4" type="stmt"/>
      <line num="34" count="4" type="stmt"/>
      <line num="35" count="4" type="stmt"/>
      <line num="36" count="9" type="stmt"/>
      <line num="37" count="27" type="cond" truecount="4" falsecount="0"/>
      <line num="38" count="9" type="stmt"/>
      <line num="39" count="9" type="stmt"/>
      <line num="45" count="1" type="stmt"/>
    </file>
  </project>
</coverage>
